Determining if the pthread_create exist failed with the following output:
Change Dir: /home/osboxes/ros_ws/src/morus_uav_gazebo/morus_control/cmake-build-debug/CMakeFiles/CMakeTmp

Run Build Command:"/usr/bin/make" "cmTC_5f6c6/fast"
/usr/bin/make -f CMakeFiles/cmTC_5f6c6.dir/build.make CMakeFiles/cmTC_5f6c6.dir/build
make[1]: Entering directory '/home/osboxes/ros_ws/src/morus_uav_gazebo/morus_control/cmake-build-debug/CMakeFiles/CMakeTmp'
Building C object CMakeFiles/cmTC_5f6c6.dir/CheckSymbolExists.c.o
/usr/lib/ccache/cc    -o CMakeFiles/cmTC_5f6c6.dir/CheckSymbolExists.c.o   -c /home/osboxes/ros_ws/src/morus_uav_gazebo/morus_control/cmake-build-debug/CMakeFiles/CMakeTmp/CheckSymbolExists.c
Linking C executable cmTC_5f6c6
/opt/clion-2018.3.4/bin/cmake/linux/bin/cmake -E cmake_link_script CMakeFiles/cmTC_5f6c6.dir/link.txt --verbose=1
/usr/lib/ccache/cc      -rdynamic CMakeFiles/cmTC_5f6c6.dir/CheckSymbolExists.c.o  -o cmTC_5f6c6 
CMakeFiles/cmTC_5f6c6.dir/CheckSymbolExists.c.o: In function `main':
CheckSymbolExists.c:(.text+0x16): undefined reference to `pthread_create'
collect2: error: ld returned 1 exit status
CMakeFiles/cmTC_5f6c6.dir/build.make:86: recipe for target 'cmTC_5f6c6' failed
make[1]: *** [cmTC_5f6c6] Error 1
make[1]: Leaving directory '/home/osboxes/ros_ws/src/morus_uav_gazebo/morus_control/cmake-build-debug/CMakeFiles/CMakeTmp'
Makefile:121: recipe for target 'cmTC_5f6c6/fast' failed
make: *** [cmTC_5f6c6/fast] Error 2

File /home/osboxes/ros_ws/src/morus_uav_gazebo/morus_control/cmake-build-debug/CMakeFiles/CMakeTmp/CheckSymbolExists.c:
/* */
#include <pthread.h>

int main(int argc, char** argv)
{
  (void)argv;
#ifndef pthread_create
  return ((int*)(&pthread_create))[argc];
#else
  (void)argc;
  return 0;
#endif
}

Determining if the function pthread_create exists in the pthreads failed with the following output:
Change Dir: /home/osboxes/ros_ws/src/morus_uav_gazebo/morus_control/cmake-build-debug/CMakeFiles/CMakeTmp

Run Build Command:"/usr/bin/make" "cmTC_321df/fast"
/usr/bin/make -f CMakeFiles/cmTC_321df.dir/build.make CMakeFiles/cmTC_321df.dir/build
make[1]: Entering directory '/home/osboxes/ros_ws/src/morus_uav_gazebo/morus_control/cmake-build-debug/CMakeFiles/CMakeTmp'
Building C object CMakeFiles/cmTC_321df.dir/CheckFunctionExists.c.o
/usr/lib/ccache/cc   -DCHECK_FUNCTION_EXISTS=pthread_create   -o CMakeFiles/cmTC_321df.dir/CheckFunctionExists.c.o   -c /opt/clion-2018.3.4/bin/cmake/linux/share/cmake-3.13/Modules/CheckFunctionExists.c
Linking C executable cmTC_321df
/opt/clion-2018.3.4/bin/cmake/linux/bin/cmake -E cmake_link_script CMakeFiles/cmTC_321df.dir/link.txt --verbose=1
/usr/lib/ccache/cc  -DCHECK_FUNCTION_EXISTS=pthread_create    -rdynamic CMakeFiles/cmTC_321df.dir/CheckFunctionExists.c.o  -o cmTC_321df -lpthreads 
/usr/bin/ld: cannot find -lpthreads
collect2: error: ld returned 1 exit status
CMakeFiles/cmTC_321df.dir/build.make:86: recipe for target 'cmTC_321df' failed
make[1]: *** [cmTC_321df] Error 1
make[1]: Leaving directory '/home/osboxes/ros_ws/src/morus_uav_gazebo/morus_control/cmake-build-debug/CMakeFiles/CMakeTmp'
Makefile:121: recipe for target 'cmTC_321df/fast' failed
make: *** [cmTC_321df/fast] Error 2


